\BOOKMARK [1][-]{section.1}{\376\377\000O\000p\000i\000s\000\040\000d\000a\000n\000y\000c\000h\000\040\000w\000\040\000s\000t\000r\000u\000k\000t\000u\000r\000z\000e}{}% 1
\BOOKMARK [2][-]{subsection.1.1}{\376\377\000W\000y\000m\000i\000a\000r\000y\000\040\000z\000b\000i\000o\000r\000u\000\040\000d\000a\000n\000y\000c\000h}{section.1}% 2
\BOOKMARK [2][-]{subsection.1.2}{\376\377\000Z\000m\000i\000e\000n\000n\000e\000\040\000w\000\040\000z\000b\000i\000o\000r\000z\000e\000\040\000d\000a\000n\000y\000c\000h}{section.1}% 3
\BOOKMARK [2][-]{subsection.1.3}{\376\377\000Z\000m\000i\000e\000n\000n\000a\000\040\000d\000o\000c\000e\000l\000o\000w\000a}{section.1}% 4
\BOOKMARK [2][-]{subsection.1.4}{\376\377\000R\000o\000z\000k\001\102\000a\000d\000\040\000b\000r\000a\000k\000u\000j\001\005\000c\000y\000c\000h\000\040\000w\000a\000r\000t\000o\001\133\000c\000i}{section.1}% 5
\BOOKMARK [2][-]{subsection.1.5}{\376\377\000A\000n\000a\000l\000i\000z\000a}{section.1}% 6
\BOOKMARK [1][-]{section.2}{\376\377\000A\000n\000a\000l\000i\000z\000a\000\040\000z\000a\000l\000e\001\174\000n\000o\001\133\000c\000i\000\040\000-\000\040\000k\000o\000r\000e\000l\000a\000c\000j\000e\000\040\000z\000m\000i\000e\000n\000n\000y\000c\000h}{}% 7
\BOOKMARK [2][-]{subsection.2.1}{\376\377\000W\000p\000r\000o\000w\000a\000d\000z\000e\000n\000i\000e}{section.2}% 8
\BOOKMARK [2][-]{subsection.2.2}{\376\377\000T\000o\000p\000\040\0001\0000\000\040\000p\000r\000e\000d\000y\000k\000t\000o\000r\000\363\000w}{section.2}% 9
\BOOKMARK [2][-]{subsection.2.3}{\376\377\000I\000n\000t\000e\000r\000p\000r\000e\000t\000a\000c\000j\000a\000\040\000w\000y\000n\000i\000k\000\363\000w}{section.2}% 10
\BOOKMARK [3][-]{subsubsection.2.3.1}{\376\377\000Z\000m\000i\000e\000n\000n\000e\000\040\000o\000\040\000s\000i\000l\000n\000e\000j\000\040\000k\000o\000r\000e\000l\000a\000c\000j\000i}{subsection.2.3}% 11
\BOOKMARK [3][-]{subsubsection.2.3.2}{\376\377\000Z\000m\000i\000e\000n\000n\000e\000\040\000o\000\040\000u\000m\000i\000a\000r\000k\000o\000w\000a\000n\000e\000j\000\040\000k\000o\000r\000e\000l\000a\000c\000j\000i}{subsection.2.3}% 12
\BOOKMARK [2][-]{subsection.2.4}{\376\377\000P\000o\000d\000s\000u\000m\000o\000w\000a\000n\000i\000e}{section.2}% 13
\BOOKMARK [1][-]{section.3}{\376\377\000Z\000a\000k\000r\000e\000s\000y\000\040\000i\000\040\000s\000t\000o\000p\000i\000e\001\104\000\040\000z\000m\000i\000e\000n\000n\000o\001\133\000c\000i\000\040\000z\000m\000i\000e\000n\000n\000y\000c\000h}{}% 14
\BOOKMARK [2][-]{subsection.3.1}{\376\377\000Z\000m\000i\000e\000n\000n\000e\000\040\000o\000\040\000e\000k\000s\000t\000r\000e\000m\000a\000l\000n\000e\000j\000\040\000z\000m\000i\000e\000n\000n\000o\001\133\000c\000i\000\040\000\050\000C\000V\000\040\000>\000\040\0002\0000\0000\000\045\000\051}{section.3}% 15
\BOOKMARK [2][-]{subsection.3.2}{\376\377\000Z\000m\000i\000e\000n\000n\000e\000\040\000o\000\040\000w\000y\000s\000o\000k\000i\000e\000j\000\040\000z\000m\000i\000e\000n\000n\000o\001\133\000c\000i\000\040\000\050\0001\0000\0000\000\045\000\040\000<\000\040\000C\000V\000\040\000<\000\040\0002\0000\0000\000\045\000\051}{section.3}% 16
\BOOKMARK [2][-]{subsection.3.3}{\376\377\000Z\000m\000i\000e\000n\000n\000e\000\040\000o\000\040\000u\000m\000i\000a\000r\000k\000o\000w\000a\000n\000e\000j\000\040\000z\000m\000i\000e\000n\000n\000o\001\133\000c\000i\000\040\000\050\0005\0000\000\045\000\040\000<\000\040\000C\000V\000\040\000<\000\040\0001\0000\0000\000\045\000\051}{section.3}% 17
\BOOKMARK [2][-]{subsection.3.4}{\376\377\000Z\000m\000i\000e\000n\000n\000e\000\040\000o\000\040\000n\000i\000s\000k\000i\000e\000j\000\040\000z\000m\000i\000e\000n\000n\000o\001\133\000c\000i\000\040\000\050\000C\000V\000\040\000<\000\040\0005\0000\000\045\000\051}{section.3}% 18
\BOOKMARK [2][-]{subsection.3.5}{\376\377\000C\000h\000a\000r\000a\000k\000t\000e\000r\000y\000s\000t\000y\000k\000a\000\040\000z\000m\000i\000e\000n\000n\000e\000j\000\040\000d\000o\000c\000e\000l\000o\000w\000e\000j}{section.3}% 19
\BOOKMARK [1][-]{section.4}{\376\377\000B\000r\000a\000k\000i\000\040\000d\000a\000n\000y\000c\000h\000-\000\040\000s\000t\000o\000p\000i\000e\001\104\000\040\000w\000y\000p\000e\001\102\000n\000i\000e\000n\000i\000a}{}% 20
\BOOKMARK [2][-]{subsection.4.1}{\376\377\000A\000n\000a\000l\000i\000z\000a\000\040\000b\000r\000a\000k\000u\000j\001\005\000c\000y\000c\000h\000\040\000d\000a\000n\000y\000c\000h}{section.4}% 21
\BOOKMARK [2][-]{subsection.4.2}{\376\377\000K\000o\000m\000p\000l\000e\000t\000n\000e\000\040\000o\000b\000s\000e\000r\000w\000a\000c\000j\000e}{section.4}% 22
\BOOKMARK [1][-]{section.5}{\376\377\000R\000o\000z\000k\001\102\000a\000d\000y\000\040\000z\000m\000i\000e\000n\000n\000y\000c\000h\000\040\000i\000\040\000n\000o\000r\000m\000a\000l\000n\000o\001\133\001\007\000\040\000r\000o\000z\000k\001\102\000a\000d\000u}{}% 23
\BOOKMARK [2][-]{subsection.5.1}{\376\377\000H\000i\000s\000t\000o\000g\000r\000a\000m\000\040\000z\000m\000i\000e\000n\000n\000e\000j\000\040\000d\000o\000c\000e\000l\000o\000w\000e\000j}{section.5}% 24
\BOOKMARK [2][-]{subsection.5.2}{\376\377\000N\000o\000r\000m\000a\000l\000n\000o\001\133\001\007\000\040\000r\000o\000z\000k\001\102\000a\000d\000u\000\040\040\023\000\040\000Q\000-\000Q\000\040\000p\000l\000o\000t}{section.5}% 25
\BOOKMARK [2][-]{subsection.5.3}{\376\377\000B\000o\000x\000\040\000p\000l\000o\000t\000\040\040\023\000\040\000z\000m\000i\000e\000n\000n\000e\000\040\000z\000\040\000n\000a\000j\000w\000i\001\031\000k\000s\000z\001\005\000\040\000z\000m\000i\000e\000n\000n\000o\001\133\000c\000i\001\005}{section.5}% 26
\BOOKMARK [1][-]{section.6}{\376\377\000H\000i\000p\000o\000t\000e\000z\000a\000\040\000b\000a\000d\000a\000w\000c\000z\000a}{}% 27
\BOOKMARK [1][-]{section.7}{\376\377\000W\000n\000i\000o\000s\000k\000i}{}% 28
